<?xml version="1.0" encoding="UTF-8"?>
<!-- Generated by org.testng.reporters.JUnitXMLReporter -->
<testsuite ignored="0" hostname="DESKTOP-0T4938B" failures="0" tests="4" name="Test" time="24.032" errors="0" timestamp="2024-03-05T09:01:44 IST">
  <testcase classname="testcase.SwagLabsD" name="loginTest" time="0.571"/>
  <testcase classname="testcase.SwagLabsD" name="loginTest" time="0.449"/>
  <testcase classname="testcase.SwagLabsD" name="loginTest" time="0.468"/>
  <testcase classname="testcase.SwagLabsD" name="loginTest" time="0.529"/>
</testsuite> <!-- Test -->
